Using pre-set license

 COMMAND LINE ARGUMENTS:
/Applications/Unity/Hub/Editor/2021.1.0b11/Unity.app/Contents/MacOS/Unity
-adb2
-batchMode
-noUpm
-name
AssetImportWorker0
-projectPath
/Users/bryan/Documents/GitHub/FlowTest
-logFile
Logs/AssetImportWorker0.log
-srvPort
52654
Successfully changed project path to: /Users/bryan/Documents/GitHub/FlowTest
/Users/bryan/Documents/GitHub/FlowTest
Using Asset Import Pipeline V2.
Refreshing native plugins compatible for Editor in 54.29 ms, found 1 plugins.
Preloading 0 native plugins for Editor in 0.00 ms.
Initialize engine version: 2021.1.0b11 (ddf8e7a924bd)
[Subsystems] Discovering subsystems at path /Applications/Unity/Hub/Editor/2021.1.0b11/Unity.app/Contents/Resources/UnitySubsystems
[Subsystems] Discovering subsystems at path /Users/bryan/Documents/GitHub/FlowTest/Assets
GfxDevice: creating device client; threaded=0; jobified=0
2021-03-28 20:34:28.070 Unity[38751:2145763] Color LCD preferred device: Intel(R) UHD Graphics 630 (low power)
2021-03-28 20:34:28.070 Unity[38751:2145763] Metal devices available: 2
2021-03-28 20:34:28.070 Unity[38751:2145763] 0: AMD Radeon Pro 5500M (high power)
2021-03-28 20:34:28.070 Unity[38751:2145763] 1: Intel(R) UHD Graphics 630 (low power)
2021-03-28 20:34:28.070 Unity[38751:2145763] Using device AMD Radeon Pro 5500M (high power)
Initializing Metal device caps: AMD Radeon Pro 5500M
Initialize mono
Mono path[0] = '/Applications/Unity/Hub/Editor/2021.1.0b11/Unity.app/Contents/Managed'
Mono path[1] = '/Applications/Unity/Hub/Editor/2021.1.0b11/Unity.app/Contents/MonoBleedingEdge/lib/mono/unityjit'
Mono config path = '/Applications/Unity/Hub/Editor/2021.1.0b11/Unity.app/Contents/MonoBleedingEdge/etc'
Using monoOptions --debugger-agent=transport=dt_socket,embedding=1,server=y,suspend=n,address=127.0.0.1:56751
Begin MonoManager ReloadAssembly
Registering precompiled unity dll's ...
Register platform support module: /Applications/Unity/Hub/Editor/2021.1.0b11/Unity.app/Contents/PlaybackEngines/MacStandaloneSupport/UnityEditor.OSXStandalone.Extensions.dll
Registered in 0.000555 seconds.
Native extension for OSXStandalone target not found
Refreshing native plugins compatible for Editor in 62.72 ms, found 1 plugins.
Preloading 0 native plugins for Editor in 0.00 ms.
Mono: successfully reloaded assembly
- Completed reload, in  1.952 seconds
Platform modules already initialized, skipping
Registering precompiled user dll's ...
Registered in 0.000567 seconds.
Begin MonoManager ReloadAssembly
Native extension for OSXStandalone target not found
Refreshing native plugins compatible for Editor in 42.45 ms, found 1 plugins.
Preloading 0 native plugins for Editor in 0.00 ms.
Mono: successfully reloaded assembly
- Completed reload, in  1.226 seconds
Platform modules already initialized, skipping
========================================================================
Worker process is ready to serve import requests
Shader 'Universal Render Pipeline/Particles/Lit': fallback shader 'Universal Render Pipeline/Particles/SimpleLit' not found
Shader 'Universal Render Pipeline/Particles/Lit': fallback shader 'Universal Render Pipeline/Particles/SimpleLit' not found
Launching external process: /Applications/Unity/Hub/Editor/2021.1.0b11/Unity.app/Contents/Tools/UnityShaderCompiler
Launched and connected shader compiler UnityShaderCompiler after 0.02 seconds
Refreshing native plugins compatible for Editor in 0.47 ms, found 1 plugins.
Preloading 0 native plugins for Editor in 0.00 ms.
Unloading 2991 Unused Serialized files (Serialized files now loaded: 0)
System memory in use before: 210.2 MB.
System memory in use after: 208.0 MB.

Unloading 41 unused Assets to reduce memory usage. Loaded Objects now: 3421.
Total: 3.728382 ms (FindLiveObjects: 0.250180 ms CreateObjectMapping: 0.123700 ms MarkObjects: 1.971188 ms  DeleteObjects: 1.382297 ms)

========================================================================
Received Import Request.
  path: Assets/FlowTests/Scripts/FPS.cs
  artifactKey: Guid(6ce9d21286c0943a2858038fdccb30f9) Importer(815301076,1909f56bfc062723c751e8b465ee728b)
Start importing Assets/FlowTests/Scripts/FPS.cs using Guid(6ce9d21286c0943a2858038fdccb30f9) Importer(815301076,1909f56bfc062723c751e8b465ee728b)  -> (artifact id: 'f5581364c852084863222e408a22b34e') in 4.326433 seconds 
========================================================================
Received Prepare
Registering precompiled user dll's ...
Registered in 0.000525 seconds.
Begin MonoManager ReloadAssembly
Native extension for OSXStandalone target not found
Refreshing native plugins compatible for Editor in 0.74 ms, found 1 plugins.
Preloading 0 native plugins for Editor in 0.00 ms.
Mono: successfully reloaded assembly
- Completed reload, in  1.334 seconds
Platform modules already initialized, skipping
Shader 'Universal Render Pipeline/Particles/Lit': fallback shader 'Universal Render Pipeline/Particles/SimpleLit' not found
Shader 'Universal Render Pipeline/Particles/Lit': fallback shader 'Universal Render Pipeline/Particles/SimpleLit' not found
Refreshing native plugins compatible for Editor in 0.49 ms, found 1 plugins.
Preloading 0 native plugins for Editor in 0.00 ms.
Unloading 2891 Unused Serialized files (Serialized files now loaded: 0)
System memory in use before: 209.4 MB.
System memory in use after: 207.2 MB.

Unloading 36 unused Assets to reduce memory usage. Loaded Objects now: 3424.
Total: 4.364558 ms (FindLiveObjects: 0.293936 ms CreateObjectMapping: 0.185137 ms MarkObjects: 2.541654 ms  DeleteObjects: 1.342776 ms)

========================================================================
Received Prepare
Shader 'Universal Render Pipeline/Particles/Lit': fallback shader 'Universal Render Pipeline/Particles/SimpleLit' not found
Shader 'Universal Render Pipeline/Particles/Lit': fallback shader 'Universal Render Pipeline/Particles/SimpleLit' not found
Refreshing native plugins compatible for Editor in 0.73 ms, found 1 plugins.
Preloading 0 native plugins for Editor in 0.00 ms.
Unloading 34 Unused Serialized files (Serialized files now loaded: 0)
System memory in use before: 153.0 MB.
System memory in use after: 150.8 MB.

Unloading 34 unused Assets to reduce memory usage. Loaded Objects now: 3424.
Total: 3.181674 ms (FindLiveObjects: 0.333208 ms CreateObjectMapping: 0.101536 ms MarkObjects: 1.607984 ms  DeleteObjects: 1.138258 ms)

AssetImportWorkerClient::OnTransportError - code=2 error=End of file
