Using pre-set license

 COMMAND LINE ARGUMENTS:
/Applications/Unity/Hub/Editor/2021.1.0b11/Unity.app/Contents/MacOS/Unity
-adb2
-batchMode
-noUpm
-name
AssetImportWorker0
-projectPath
/Users/bryan/Documents/GitHub/FlowTest
-logFile
Logs/AssetImportWorker0.log
-srvPort
52817
Successfully changed project path to: /Users/bryan/Documents/GitHub/FlowTest
/Users/bryan/Documents/GitHub/FlowTest
Using Asset Import Pipeline V2.
Refreshing native plugins compatible for Editor in 43.51 ms, found 1 plugins.
Preloading 0 native plugins for Editor in 0.00 ms.
Initialize engine version: 2021.1.0b11 (ddf8e7a924bd)
[Subsystems] Discovering subsystems at path /Applications/Unity/Hub/Editor/2021.1.0b11/Unity.app/Contents/Resources/UnitySubsystems
[Subsystems] Discovering subsystems at path /Users/bryan/Documents/GitHub/FlowTest/Assets
GfxDevice: creating device client; threaded=0; jobified=0
2021-03-28 20:40:20.664 Unity[39309:2155659] Color LCD preferred device: Intel(R) UHD Graphics 630 (low power)
2021-03-28 20:40:20.664 Unity[39309:2155659] Metal devices available: 2
2021-03-28 20:40:20.664 Unity[39309:2155659] 0: AMD Radeon Pro 5500M (high power)
2021-03-28 20:40:20.664 Unity[39309:2155659] 1: Intel(R) UHD Graphics 630 (low power)
2021-03-28 20:40:20.664 Unity[39309:2155659] Using device AMD Radeon Pro 5500M (high power)
Initializing Metal device caps: AMD Radeon Pro 5500M
Initialize mono
Mono path[0] = '/Applications/Unity/Hub/Editor/2021.1.0b11/Unity.app/Contents/Managed'
Mono path[1] = '/Applications/Unity/Hub/Editor/2021.1.0b11/Unity.app/Contents/MonoBleedingEdge/lib/mono/unityjit'
Mono config path = '/Applications/Unity/Hub/Editor/2021.1.0b11/Unity.app/Contents/MonoBleedingEdge/etc'
Using monoOptions --debugger-agent=transport=dt_socket,embedding=1,server=y,suspend=n,address=127.0.0.1:56309
Begin MonoManager ReloadAssembly
Registering precompiled unity dll's ...
Register platform support module: /Applications/Unity/Hub/Editor/2021.1.0b11/Unity.app/Contents/PlaybackEngines/MacStandaloneSupport/UnityEditor.OSXStandalone.Extensions.dll
Registered in 0.000429 seconds.
Native extension for OSXStandalone target not found
Refreshing native plugins compatible for Editor in 42.68 ms, found 1 plugins.
Preloading 0 native plugins for Editor in 0.00 ms.
Mono: successfully reloaded assembly
- Completed reload, in  1.566 seconds
Platform modules already initialized, skipping
Registering precompiled user dll's ...
Registered in 0.000488 seconds.
Begin MonoManager ReloadAssembly
Native extension for OSXStandalone target not found
Refreshing native plugins compatible for Editor in 41.27 ms, found 1 plugins.
Preloading 0 native plugins for Editor in 0.00 ms.
Mono: successfully reloaded assembly
- Completed reload, in  1.060 seconds
Platform modules already initialized, skipping
========================================================================
Worker process is ready to serve import requests
Shader 'Universal Render Pipeline/Particles/Lit': fallback shader 'Universal Render Pipeline/Particles/SimpleLit' not found
Shader 'Universal Render Pipeline/Particles/Lit': fallback shader 'Universal Render Pipeline/Particles/SimpleLit' not found
Launching external process: /Applications/Unity/Hub/Editor/2021.1.0b11/Unity.app/Contents/Tools/UnityShaderCompiler
Launched and connected shader compiler UnityShaderCompiler after 0.01 seconds
Refreshing native plugins compatible for Editor in 0.46 ms, found 1 plugins.
Preloading 0 native plugins for Editor in 0.00 ms.
Unloading 2991 Unused Serialized files (Serialized files now loaded: 0)
System memory in use before: 210.2 MB.
System memory in use after: 208.0 MB.

Unloading 41 unused Assets to reduce memory usage. Loaded Objects now: 3421.
Total: 2.947237 ms (FindLiveObjects: 0.192498 ms CreateObjectMapping: 0.098473 ms MarkObjects: 1.547288 ms  DeleteObjects: 1.108343 ms)

========================================================================
Received Import Request.
  path: Assets/FlowTests/VFX/BigFlow.vfx
  artifactKey: Guid(1305f046416fd49a59092d9992ec4ede) Importer(815301076,1909f56bfc062723c751e8b465ee728b)
Start importing Assets/FlowTests/VFX/BigFlow.vfx using Guid(1305f046416fd49a59092d9992ec4ede) Importer(815301076,1909f56bfc062723c751e8b465ee728b)  -> (artifact id: '35d9d35945d8fdd379e3f16cac3695dd') in 1.089368 seconds 
========================================================================
Received Import Request.
  Time since last request: 4.404699 seconds.
  path: Assets/FlowTests/VFX/BigFlow.vfx
  artifactKey: Guid(1305f046416fd49a59092d9992ec4ede) Importer(815301076,1909f56bfc062723c751e8b465ee728b)
Start importing Assets/FlowTests/VFX/BigFlow.vfx using Guid(1305f046416fd49a59092d9992ec4ede) Importer(815301076,1909f56bfc062723c751e8b465ee728b)  -> (artifact id: '25d3e4702671783241941352cabdd51a') in 0.003287 seconds 
========================================================================
Received Import Request.
  Time since last request: 32.675921 seconds.
  path: Assets/FlowTests/VFX/BigFlow.vfx
  artifactKey: Guid(1305f046416fd49a59092d9992ec4ede) Importer(815301076,1909f56bfc062723c751e8b465ee728b)
Start importing Assets/FlowTests/VFX/BigFlow.vfx using Guid(1305f046416fd49a59092d9992ec4ede) Importer(815301076,1909f56bfc062723c751e8b465ee728b)  -> (artifact id: '956d4aa7d49dac649ec7d7d2a8691e82') in 0.003751 seconds 
========================================================================
Received Import Request.
  Time since last request: 3.257447 seconds.
  path: Assets/FlowTests/VFX/BigFlow.vfx
  artifactKey: Guid(1305f046416fd49a59092d9992ec4ede) Importer(815301076,1909f56bfc062723c751e8b465ee728b)
Start importing Assets/FlowTests/VFX/BigFlow.vfx using Guid(1305f046416fd49a59092d9992ec4ede) Importer(815301076,1909f56bfc062723c751e8b465ee728b)  -> (artifact id: '0059fc470200f51ca52e892f24bd6bf9') in 0.003345 seconds 
========================================================================
Received Import Request.
  Time since last request: 32.813264 seconds.
  path: Assets/FlowTests/VFX/BigFlow.vfx
  artifactKey: Guid(1305f046416fd49a59092d9992ec4ede) Importer(815301076,1909f56bfc062723c751e8b465ee728b)
Start importing Assets/FlowTests/VFX/BigFlow.vfx using Guid(1305f046416fd49a59092d9992ec4ede) Importer(815301076,1909f56bfc062723c751e8b465ee728b)  -> (artifact id: '75364288ab3a6e07248622c606857e64') in 0.002804 seconds 
========================================================================
Received Import Request.
  Time since last request: 11.784471 seconds.
  path: Assets/FlowTests/VFX/BigFlow.vfx
  artifactKey: Guid(1305f046416fd49a59092d9992ec4ede) Importer(815301076,1909f56bfc062723c751e8b465ee728b)
Start importing Assets/FlowTests/VFX/BigFlow.vfx using Guid(1305f046416fd49a59092d9992ec4ede) Importer(815301076,1909f56bfc062723c751e8b465ee728b)  -> (artifact id: '940a160f8cdec71fb92314698ecd701f') in 0.003426 seconds 
========================================================================
Received Import Request.
  Time since last request: 4.961646 seconds.
  path: Assets/FlowTests/VFX/BigFlow.vfx
  artifactKey: Guid(1305f046416fd49a59092d9992ec4ede) Importer(815301076,1909f56bfc062723c751e8b465ee728b)
Start importing Assets/FlowTests/VFX/BigFlow.vfx using Guid(1305f046416fd49a59092d9992ec4ede) Importer(815301076,1909f56bfc062723c751e8b465ee728b)  -> (artifact id: 'addfc12b887cfffbb0174d2be0f18952') in 0.002742 seconds 
========================================================================
Received Import Request.
  Time since last request: 7.062709 seconds.
  path: Assets/FlowTests/VFX/BigFlow.vfx
  artifactKey: Guid(1305f046416fd49a59092d9992ec4ede) Importer(815301076,1909f56bfc062723c751e8b465ee728b)
Start importing Assets/FlowTests/VFX/BigFlow.vfx using Guid(1305f046416fd49a59092d9992ec4ede) Importer(815301076,1909f56bfc062723c751e8b465ee728b)  -> (artifact id: 'b64d86679f91ce66da970268b82fe022') in 0.003441 seconds 
========================================================================
Received Import Request.
  Time since last request: 68.276936 seconds.
  path: Assets/FlowTests/VFX/BigFlow.vfx
  artifactKey: Guid(1305f046416fd49a59092d9992ec4ede) Importer(815301076,1909f56bfc062723c751e8b465ee728b)
Start importing Assets/FlowTests/VFX/BigFlow.vfx using Guid(1305f046416fd49a59092d9992ec4ede) Importer(815301076,1909f56bfc062723c751e8b465ee728b)  -> (artifact id: 'c5409512a811b83183994270cecefbe0') in 0.003040 seconds 
========================================================================
Received Import Request.
  Time since last request: 6.389432 seconds.
  path: Assets/FlowTests/VFX/BigFlow.vfx
  artifactKey: Guid(1305f046416fd49a59092d9992ec4ede) Importer(815301076,1909f56bfc062723c751e8b465ee728b)
Start importing Assets/FlowTests/VFX/BigFlow.vfx using Guid(1305f046416fd49a59092d9992ec4ede) Importer(815301076,1909f56bfc062723c751e8b465ee728b)  -> (artifact id: '8960678d5106bc48167dba3354d38333') in 0.003668 seconds 
========================================================================
Received Import Request.
  Time since last request: 1.091480 seconds.
  path: Assets/FlowTests/VFX/BigFlow.vfx
  artifactKey: Guid(1305f046416fd49a59092d9992ec4ede) Importer(815301076,1909f56bfc062723c751e8b465ee728b)
Start importing Assets/FlowTests/VFX/BigFlow.vfx using Guid(1305f046416fd49a59092d9992ec4ede) Importer(815301076,1909f56bfc062723c751e8b465ee728b)  -> (artifact id: 'a86008974c9c5cf40e8280be4df52d2b') in 0.002875 seconds 
========================================================================
Received Import Request.
  Time since last request: 1.184307 seconds.
  path: Assets/FlowTests/VFX/BigFlow.vfx
  artifactKey: Guid(1305f046416fd49a59092d9992ec4ede) Importer(815301076,1909f56bfc062723c751e8b465ee728b)
Start importing Assets/FlowTests/VFX/BigFlow.vfx using Guid(1305f046416fd49a59092d9992ec4ede) Importer(815301076,1909f56bfc062723c751e8b465ee728b)  -> (artifact id: '8abc42a3e536e610ea4af86f500548b3') in 0.002869 seconds 
========================================================================
Received Import Request.
  Time since last request: 11.958741 seconds.
  path: Assets/FlowTests/VFX/BigFlow.vfx
  artifactKey: Guid(1305f046416fd49a59092d9992ec4ede) Importer(815301076,1909f56bfc062723c751e8b465ee728b)
Start importing Assets/FlowTests/VFX/BigFlow.vfx using Guid(1305f046416fd49a59092d9992ec4ede) Importer(815301076,1909f56bfc062723c751e8b465ee728b)  -> (artifact id: 'ac27cd97889792ce9f62f0c358ad3596') in 0.002745 seconds 
========================================================================
Received Import Request.
  Time since last request: 3.120777 seconds.
  path: Assets/FlowTests/VFX/BigFlow.vfx
  artifactKey: Guid(1305f046416fd49a59092d9992ec4ede) Importer(815301076,1909f56bfc062723c751e8b465ee728b)
Start importing Assets/FlowTests/VFX/BigFlow.vfx using Guid(1305f046416fd49a59092d9992ec4ede) Importer(815301076,1909f56bfc062723c751e8b465ee728b)  -> (artifact id: '5005a3d584eb1e4ced6faf5a1bdbba4d') in 0.003817 seconds 
========================================================================
Received Prepare
Shader 'Universal Render Pipeline/Particles/Lit': fallback shader 'Universal Render Pipeline/Particles/SimpleLit' not found
Shader 'Universal Render Pipeline/Particles/Lit': fallback shader 'Universal Render Pipeline/Particles/SimpleLit' not found
Refreshing native plugins compatible for Editor in 0.60 ms, found 1 plugins.
Preloading 0 native plugins for Editor in 0.00 ms.
Unloading 34 Unused Serialized files (Serialized files now loaded: 0)
System memory in use before: 152.8 MB.
System memory in use after: 150.6 MB.

Unloading 34 unused Assets to reduce memory usage. Loaded Objects now: 3421.
Total: 3.788881 ms (FindLiveObjects: 0.327675 ms CreateObjectMapping: 0.106641 ms MarkObjects: 2.315185 ms  DeleteObjects: 1.038698 ms)

AssetImportWorkerClient::OnTransportError - code=2 error=End of file
